<?xml version="1.0" encoding="UTF-8"?>
<!-- Generated by org.testng.reporters.JUnitReportReporter -->
<testsuite hostname="NBSB05221W-TP" failures="0" tests="3" name="Activities.Activity1" time="7.063" errors="0" timestamp="2022-01-06T23:13:05 IST" skipped="0">
  <testcase classname="Activities.Activity1" name="petPostRequest" time="4.135"/>
  <system-out/>
  <testcase classname="Activities.Activity1" name="petGetRequest" time="1.486"/>
  <system-out/>
  <testcase classname="Activities.Activity1" name="petDeleteRequest" time="1.442"/>
  <system-out/>
</testsuite> <!-- Activities.Activity1 -->
