<?xml version="1.0" encoding="UTF-8"?>
<!-- Generated by org.testng.reporters.JUnitReportReporter -->
<testsuite hostname="NBSB05221W-TP" failures="0" tests="3" name="Activities.Activity3" time="5.035" errors="0" timestamp="2021-12-17T10:33:48 IST" skipped="0">
  <testcase classname="Activities.Activity3" name="postRequest" time="5.027"/>
  <system-out/>
  <testcase classname="Activities.Activity3" name="deleteRequest" time="0.006"/>
  <system-out/>
  <testcase classname="Activities.Activity3" name="getRequest" time="0.002"/>
  <system-out/>
</testsuite> <!-- Activities.Activity3 -->
