<?xml version="1.0" encoding="UTF-8"?>
<!-- Generated by org.testng.reporters.JUnitReportReporter -->
<testsuite hostname="NBSB05221W-TP" failures="0" tests="1" name="Activities.Activity2" time="4.347" errors="0" timestamp="2022-01-06T23:20:24 IST" skipped="0">
  <testcase classname="Activities.Activity2" name="GetRequest" time="4.347"/>
  <system-out/>
</testsuite> <!-- Activities.Activity2 -->
